{"/Users/indisaurusrex/Projects/JS-based/React-based/Access/App.js": {"path":"/Users/indisaurusrex/Projects/JS-based/React-based/Access/App.js","statementMap":{"0":{"start":{"line":19,"column":2},"end":{"line":27,"column":4}}},"fnMap":{"0":{"name":"App","decl":{"start":{"line":18,"column":24},"end":{"line":18,"column":27}},"loc":{"start":{"line":18,"column":30},"end":{"line":28,"column":1}},"line":18}},"branchMap":{},"s":{"0":2},"f":{"0":2},"b":{},"_coverageSchema":"1a1c01bbd47fc00a2c39e90264f33305004495a9","hash":"c3bd2f8e4a555984f7445ad87082558c83750d05"}
,"/Users/indisaurusrex/Projects/JS-based/React-based/Access/testing.js": {"path":"/Users/indisaurusrex/Projects/JS-based/React-based/Access/testing.js","statementMap":{"0":{"start":{"line":1,"column":0},"end":{"line":1,"column":58}},"1":{"start":{"line":2,"column":0},"end":{"line":2,"column":57}},"2":{"start":{"line":4,"column":0},"end":{"line":4,"column":47}},"3":{"start":{"line":5,"column":0},"end":{"line":5,"column":81}}},"fnMap":{},"branchMap":{},"s":{"0":0,"1":0,"2":0,"3":0},"f":{},"b":{}}
,"/Users/indisaurusrex/Projects/JS-based/React-based/Access/config/Firebase.js": {"path":"/Users/indisaurusrex/Projects/JS-based/React-based/Access/config/Firebase.js","statementMap":{"0":{"start":{"line":4,"column":23},"end":{"line":13,"column":1}},"1":{"start":{"line":14,"column":17},"end":{"line":14,"column":55}},"2":{"start":{"line":16,"column":18},"end":{"line":16,"column":38}}},"fnMap":{},"branchMap":{},"s":{"0":1,"1":1,"2":1},"f":{},"b":{},"_coverageSchema":"1a1c01bbd47fc00a2c39e90264f33305004495a9","hash":"5b14e08f638fdf098b560a3fd00c6b76cca9f00c"}
,"/Users/indisaurusrex/Projects/JS-based/React-based/Access/src/components/Header.js": {"path":"/Users/indisaurusrex/Projects/JS-based/React-based/Access/src/components/Header.js","statementMap":{"0":{"start":{"line":6,"column":2},"end":{"line":12,"column":3}},"1":{"start":{"line":15,"column":15},"end":{"line":27,"column":2}}},"fnMap":{"0":{"name":"Header","decl":{"start":{"line":5,"column":9},"end":{"line":5,"column":15}},"loc":{"start":{"line":5,"column":31},"end":{"line":13,"column":1}},"line":5}},"branchMap":{},"s":{"0":2,"1":1},"f":{"0":2},"b":{},"_coverageSchema":"1a1c01bbd47fc00a2c39e90264f33305004495a9","hash":"4d613de190221243f129edd6b0467270c691e918"}
,"/Users/indisaurusrex/Projects/JS-based/React-based/Access/src/components/checkbox.js": {"path":"/Users/indisaurusrex/Projects/JS-based/React-based/Access/src/components/checkbox.js","statementMap":{"0":{"start":{"line":6,"column":37},"end":{"line":6,"column":52}},"1":{"start":{"line":8,"column":22},"end":{"line":11,"column":3}},"2":{"start":{"line":9,"column":4},"end":{"line":9,"column":30}},"3":{"start":{"line":10,"column":4},"end":{"line":10,"column":48}},"4":{"start":{"line":13,"column":2},"end":{"line":22,"column":4}},"5":{"start":{"line":25,"column":15},"end":{"line":37,"column":2}}},"fnMap":{"0":{"name":"Checkbox","decl":{"start":{"line":5,"column":24},"end":{"line":5,"column":32}},"loc":{"start":{"line":5,"column":40},"end":{"line":23,"column":1}},"line":5},"1":{"name":"(anonymous_1)","decl":{"start":{"line":8,"column":22},"end":{"line":8,"column":23}},"loc":{"start":{"line":8,"column":28},"end":{"line":11,"column":3}},"line":8}},"branchMap":{},"s":{"0":0,"1":0,"2":0,"3":0,"4":0,"5":1},"f":{"0":0,"1":0},"b":{},"_coverageSchema":"1a1c01bbd47fc00a2c39e90264f33305004495a9","hash":"2ec31675c07d033d3f3dcf102044269c3a82a15f"}
,"/Users/indisaurusrex/Projects/JS-based/React-based/Access/src/navigation/MainStackNavigation.js": {"path":"/Users/indisaurusrex/Projects/JS-based/React-based/Access/src/navigation/MainStackNavigation.js","statementMap":{"0":{"start":{"line":13,"column":14},"end":{"line":13,"column":36}},"1":{"start":{"line":16,"column":15},"end":{"line":16,"column":47}},"2":{"start":{"line":16,"column":36},"end":{"line":16,"column":46}},"3":{"start":{"line":17,"column":2},"end":{"line":51,"column":3}}},"fnMap":{"0":{"name":"MainStackNavigator","decl":{"start":{"line":15,"column":9},"end":{"line":15,"column":27}},"loc":{"start":{"line":15,"column":30},"end":{"line":52,"column":1}},"line":15},"1":{"name":"(anonymous_1)","decl":{"start":{"line":16,"column":27},"end":{"line":16,"column":28}},"loc":{"start":{"line":16,"column":36},"end":{"line":16,"column":46}},"line":16}},"branchMap":{"0":{"loc":{"start":{"line":25,"column":9},"end":{"line":49,"column":9}},"type":"cond-expr","locations":[{"start":{"line":25,"column":34},"end":{"line":34,"column":11}},{"start":{"line":35,"column":10},"end":{"line":48,"column":13}}],"line":25}},"s":{"0":1,"1":2,"2":4,"3":2},"f":{"0":2,"1":4},"b":{"0":[2,0]},"_coverageSchema":"1a1c01bbd47fc00a2c39e90264f33305004495a9","hash":"b0d686c32028355997ff4dd3d28f75d9a7008c2e"}
,"/Users/indisaurusrex/Projects/JS-based/React-based/Access/src/navigation/index.js": {"path":"/Users/indisaurusrex/Projects/JS-based/React-based/Access/src/navigation/index.js","statementMap":{"0":{"start":{"line":10,"column":26},"end":{"line":27,"column":3}},"1":{"start":{"line":34,"column":28},"end":{"line":49,"column":1}},"2":{"start":{"line":55,"column":18},"end":{"line":63,"column":1}}},"fnMap":{},"branchMap":{},"s":{"0":1,"1":1,"2":1},"f":{},"b":{},"_coverageSchema":"1a1c01bbd47fc00a2c39e90264f33305004495a9","hash":"f46a2dbad906bbf249b8f6673a285f517ad48f47"}
,"/Users/indisaurusrex/Projects/JS-based/React-based/Access/src/redux/root-reducer.js": {"path":"/Users/indisaurusrex/Projects/JS-based/React-based/Access/src/redux/root-reducer.js","statementMap":{},"fnMap":{},"branchMap":{},"s":{},"f":{},"b":{},"_coverageSchema":"1a1c01bbd47fc00a2c39e90264f33305004495a9","hash":"59c852fd18949be835ea55517dcd012012388e46"}
,"/Users/indisaurusrex/Projects/JS-based/React-based/Access/src/redux/store.js": {"path":"/Users/indisaurusrex/Projects/JS-based/React-based/Access/src/redux/store.js","statementMap":{"0":{"start":{"line":7,"column":20},"end":{"line":7,"column":37}},"1":{"start":{"line":9,"column":14},"end":{"line":9,"column":71}}},"fnMap":{},"branchMap":{},"s":{"0":1,"1":1},"f":{},"b":{},"_coverageSchema":"1a1c01bbd47fc00a2c39e90264f33305004495a9","hash":"becb803c47ef1bc0978802a5243e17fdd7101b49"}
,"/Users/indisaurusrex/Projects/JS-based/React-based/Access/src/redux/achievements/achievements.actions.js": {"path":"/Users/indisaurusrex/Projects/JS-based/React-based/Access/src/redux/achievements/achievements.actions.js","statementMap":{"0":{"start":{"line":5,"column":20},"end":{"line":5,"column":21}},"1":{"start":{"line":8,"column":2},"end":{"line":12,"column":3}},"2":{"start":{"line":16,"column":2},"end":{"line":19,"column":3}}},"fnMap":{"0":{"name":"addachievement","decl":{"start":{"line":7,"column":16},"end":{"line":7,"column":30}},"loc":{"start":{"line":7,"column":44},"end":{"line":13,"column":1}},"line":7},"1":{"name":"deleteachievement","decl":{"start":{"line":15,"column":16},"end":{"line":15,"column":33}},"loc":{"start":{"line":15,"column":38},"end":{"line":20,"column":1}},"line":15}},"branchMap":{},"s":{"0":1,"1":0,"2":0},"f":{"0":0,"1":0},"b":{},"_coverageSchema":"1a1c01bbd47fc00a2c39e90264f33305004495a9","hash":"1d31ca4a4c10fefacda26f0cf481832dc40d273a"}
,"/Users/indisaurusrex/Projects/JS-based/React-based/Access/src/redux/achievements/achievements.reducer.js": {"path":"/Users/indisaurusrex/Projects/JS-based/React-based/Access/src/redux/achievements/achievements.reducer.js","statementMap":{"0":{"start":{"line":4,"column":21},"end":{"line":4,"column":23}},"1":{"start":{"line":7,"column":2},"end":{"line":25,"column":3}},"2":{"start":{"line":9,"column":6},"end":{"line":15,"column":7}},"3":{"start":{"line":18,"column":30},"end":{"line":20,"column":8}},"4":{"start":{"line":19,"column":8},"end":{"line":19,"column":39}},"5":{"start":{"line":21,"column":6},"end":{"line":21,"column":28}},"6":{"start":{"line":24,"column":6},"end":{"line":24,"column":18}}},"fnMap":{"0":{"name":"achievementsReducer","decl":{"start":{"line":6,"column":9},"end":{"line":6,"column":28}},"loc":{"start":{"line":6,"column":59},"end":{"line":26,"column":1}},"line":6},"1":{"name":"(anonymous_1)","decl":{"start":{"line":18,"column":44},"end":{"line":18,"column":45}},"loc":{"start":{"line":18,"column":51},"end":{"line":20,"column":7}},"line":18}},"branchMap":{"0":{"loc":{"start":{"line":6,"column":29},"end":{"line":6,"column":49}},"type":"default-arg","locations":[{"start":{"line":6,"column":37},"end":{"line":6,"column":49}}],"line":6},"1":{"loc":{"start":{"line":7,"column":2},"end":{"line":25,"column":3}},"type":"switch","locations":[{"start":{"line":8,"column":4},"end":{"line":15,"column":7}},{"start":{"line":17,"column":4},"end":{"line":21,"column":28}},{"start":{"line":23,"column":4},"end":{"line":24,"column":18}}],"line":7}},"s":{"0":1,"1":3,"2":0,"3":0,"4":0,"5":0,"6":3},"f":{"0":3,"1":0},"b":{"0":[3],"1":[0,0,3]},"_coverageSchema":"1a1c01bbd47fc00a2c39e90264f33305004495a9","hash":"301ac43be35810bdc6174bb4957157615342fdf3"}
,"/Users/indisaurusrex/Projects/JS-based/React-based/Access/src/redux/achievements/achievements.types.js": {"path":"/Users/indisaurusrex/Projects/JS-based/React-based/Access/src/redux/achievements/achievements.types.js","statementMap":{"0":{"start":{"line":1,"column":38},"end":{"line":4,"column":1}}},"fnMap":{},"branchMap":{},"s":{"0":1},"f":{},"b":{},"_coverageSchema":"1a1c01bbd47fc00a2c39e90264f33305004495a9","hash":"8341863d1c2717bc07942cc0d521defe6fdf099d"}
,"/Users/indisaurusrex/Projects/JS-based/React-based/Access/src/redux/user/user.actions.js": {"path":"/Users/indisaurusrex/Projects/JS-based/React-based/Access/src/redux/user/user.actions.js","statementMap":{"0":{"start":{"line":5,"column":27},"end":{"line":10,"column":1}},"1":{"start":{"line":6,"column":2},"end":{"line":9,"column":3}},"2":{"start":{"line":12,"column":30},"end":{"line":17,"column":1}},"3":{"start":{"line":13,"column":2},"end":{"line":16,"column":3}},"4":{"start":{"line":19,"column":22},"end":{"line":23,"column":1}},"5":{"start":{"line":20,"column":2},"end":{"line":22,"column":3}},"6":{"start":{"line":25,"column":21},"end":{"line":36,"column":1}},"7":{"start":{"line":26,"column":2},"end":{"line":35,"column":3}},"8":{"start":{"line":27,"column":6},"end":{"line":34,"column":7}},"9":{"start":{"line":28,"column":38},"end":{"line":28,"column":53}},"10":{"start":{"line":29,"column":27},"end":{"line":29,"column":92}},"11":{"start":{"line":31,"column":10},"end":{"line":31,"column":46}},"12":{"start":{"line":33,"column":10},"end":{"line":33,"column":24}},"13":{"start":{"line":38,"column":23},"end":{"line":51,"column":1}},"14":{"start":{"line":39,"column":1},"end":{"line":50,"column":2}},"15":{"start":{"line":40,"column":2},"end":{"line":49,"column":3}},"16":{"start":{"line":41,"column":16},"end":{"line":44,"column":10}},"17":{"start":{"line":46,"column":3},"end":{"line":46,"column":66}},"18":{"start":{"line":48,"column":3},"end":{"line":48,"column":11}},"19":{"start":{"line":53,"column":22},"end":{"line":74,"column":1}},"20":{"start":{"line":54,"column":2},"end":{"line":73,"column":3}},"21":{"start":{"line":55,"column":6},"end":{"line":72,"column":7}},"22":{"start":{"line":56,"column":38},"end":{"line":56,"column":53}},"23":{"start":{"line":57,"column":27},"end":{"line":57,"column":96}},"24":{"start":{"line":58,"column":10},"end":{"line":69,"column":11}},"25":{"start":{"line":59,"column":25},"end":{"line":62,"column":13}},"26":{"start":{"line":64,"column":12},"end":{"line":66,"column":24}},"27":{"start":{"line":68,"column":12},"end":{"line":68,"column":78}},"28":{"start":{"line":71,"column":10},"end":{"line":71,"column":18}}},"fnMap":{"0":{"name":"(anonymous_0)","decl":{"start":{"line":5,"column":27},"end":{"line":5,"column":28}},"loc":{"start":{"line":5,"column":36},"end":{"line":10,"column":1}},"line":5},"1":{"name":"(anonymous_1)","decl":{"start":{"line":12,"column":30},"end":{"line":12,"column":31}},"loc":{"start":{"line":12,"column":42},"end":{"line":17,"column":1}},"line":12},"2":{"name":"(anonymous_2)","decl":{"start":{"line":19,"column":22},"end":{"line":19,"column":23}},"loc":{"start":{"line":19,"column":28},"end":{"line":23,"column":1}},"line":19},"3":{"name":"(anonymous_3)","decl":{"start":{"line":25,"column":21},"end":{"line":25,"column":22}},"loc":{"start":{"line":25,"column":27},"end":{"line":36,"column":1}},"line":25},"4":{"name":"(anonymous_4)","decl":{"start":{"line":26,"column":9},"end":{"line":26,"column":10}},"loc":{"start":{"line":26,"column":39},"end":{"line":35,"column":3}},"line":26},"5":{"name":"(anonymous_5)","decl":{"start":{"line":38,"column":23},"end":{"line":38,"column":24}},"loc":{"start":{"line":38,"column":30},"end":{"line":51,"column":1}},"line":38},"6":{"name":"(anonymous_6)","decl":{"start":{"line":39,"column":8},"end":{"line":39,"column":9}},"loc":{"start":{"line":39,"column":38},"end":{"line":50,"column":2}},"line":39},"7":{"name":"(anonymous_7)","decl":{"start":{"line":53,"column":22},"end":{"line":53,"column":23}},"loc":{"start":{"line":53,"column":28},"end":{"line":74,"column":1}},"line":53},"8":{"name":"(anonymous_8)","decl":{"start":{"line":54,"column":9},"end":{"line":54,"column":10}},"loc":{"start":{"line":54,"column":39},"end":{"line":73,"column":3}},"line":54}},"branchMap":{"0":{"loc":{"start":{"line":58,"column":10},"end":{"line":69,"column":11}},"type":"if","locations":[{"start":{"line":58,"column":10},"end":{"line":69,"column":11}},{"start":{"line":58,"column":10},"end":{"line":69,"column":11}}],"line":58}},"s":{"0":1,"1":0,"2":1,"3":0,"4":1,"5":0,"6":1,"7":0,"8":0,"9":0,"10":0,"11":0,"12":0,"13":1,"14":0,"15":0,"16":0,"17":0,"18":0,"19":1,"20":0,"21":0,"22":0,"23":0,"24":0,"25":0,"26":0,"27":0,"28":0},"f":{"0":0,"1":0,"2":0,"3":0,"4":0,"5":0,"6":0,"7":0,"8":0},"b":{"0":[0,0]},"_coverageSchema":"1a1c01bbd47fc00a2c39e90264f33305004495a9","hash":"9d13d8edcfe8c60c51bf34a9312f2e25efe9fd2d"}
,"/Users/indisaurusrex/Projects/JS-based/React-based/Access/src/redux/user/user.reducer.js": {"path":"/Users/indisaurusrex/Projects/JS-based/React-based/Access/src/redux/user/user.reducer.js","statementMap":{"0":{"start":{"line":3,"column":20},"end":{"line":18,"column":1}},"1":{"start":{"line":4,"column":4},"end":{"line":17,"column":5}},"2":{"start":{"line":6,"column":12},"end":{"line":6,"column":33}},"3":{"start":{"line":8,"column":12},"end":{"line":8,"column":33}},"4":{"start":{"line":10,"column":12},"end":{"line":10,"column":63}},"5":{"start":{"line":12,"column":12},"end":{"line":12,"column":54}},"6":{"start":{"line":14,"column":12},"end":{"line":14,"column":57}},"7":{"start":{"line":16,"column":12},"end":{"line":16,"column":24}}},"fnMap":{"0":{"name":"(anonymous_0)","decl":{"start":{"line":3,"column":20},"end":{"line":3,"column":21}},"loc":{"start":{"line":3,"column":44},"end":{"line":18,"column":1}},"line":3}},"branchMap":{"0":{"loc":{"start":{"line":3,"column":21},"end":{"line":3,"column":31}},"type":"default-arg","locations":[{"start":{"line":3,"column":29},"end":{"line":3,"column":31}}],"line":3},"1":{"loc":{"start":{"line":4,"column":4},"end":{"line":17,"column":5}},"type":"switch","locations":[{"start":{"line":5,"column":8},"end":{"line":6,"column":33}},{"start":{"line":7,"column":8},"end":{"line":8,"column":33}},{"start":{"line":9,"column":8},"end":{"line":10,"column":63}},{"start":{"line":11,"column":8},"end":{"line":12,"column":54}},{"start":{"line":13,"column":8},"end":{"line":14,"column":57}},{"start":{"line":15,"column":8},"end":{"line":16,"column":24}}],"line":4}},"s":{"0":1,"1":3,"2":0,"3":0,"4":0,"5":0,"6":0,"7":3},"f":{"0":3},"b":{"0":[3],"1":[0,0,0,0,0,3]},"_coverageSchema":"1a1c01bbd47fc00a2c39e90264f33305004495a9","hash":"1b78753f59b66e27a31bb2e0e15cc881eb2e900f"}
,"/Users/indisaurusrex/Projects/JS-based/React-based/Access/src/redux/user/user.types.js": {"path":"/Users/indisaurusrex/Projects/JS-based/React-based/Access/src/redux/user/user.types.js","statementMap":{"0":{"start":{"line":1,"column":31},"end":{"line":7,"column":1}}},"fnMap":{},"branchMap":{},"s":{"0":1},"f":{},"b":{},"_coverageSchema":"1a1c01bbd47fc00a2c39e90264f33305004495a9","hash":"bb9ee6674e04facf3eebdc4e3a3ac415a3cac2c8"}
,"/Users/indisaurusrex/Projects/JS-based/React-based/Access/src/screens/AddAchievement.js": {"path":"/Users/indisaurusrex/Projects/JS-based/React-based/Access/src/screens/AddAchievement.js","statementMap":{"0":{"start":{"line":10,"column":50},"end":{"line":10,"column":62}},"1":{"start":{"line":11,"column":36},"end":{"line":11,"column":48}},"2":{"start":{"line":12,"column":36},"end":{"line":12,"column":48}},"3":{"start":{"line":15,"column":4},"end":{"line":15,"column":75}},"4":{"start":{"line":16,"column":4},"end":{"line":16,"column":23}},"5":{"start":{"line":20,"column":33},"end":{"line":22,"column":3}},"6":{"start":{"line":21,"column":4},"end":{"line":21,"column":108}},"7":{"start":{"line":21,"column":56},"end":{"line":21,"column":67}},"8":{"start":{"line":24,"column":32},"end":{"line":26,"column":3}},"9":{"start":{"line":25,"column":4},"end":{"line":25,"column":108}},"10":{"start":{"line":25,"column":56},"end":{"line":25,"column":67}},"11":{"start":{"line":27,"column":2},"end":{"line":27,"column":25}},"12":{"start":{"line":28,"column":2},"end":{"line":28,"column":25}},"13":{"start":{"line":31,"column":2},"end":{"line":96,"column":3}},"14":{"start":{"line":38,"column":23},"end":{"line":38,"column":42}},"15":{"start":{"line":92,"column":25},"end":{"line":92,"column":44}},"16":{"start":{"line":99,"column":15},"end":{"line":126,"column":2}}},"fnMap":{"0":{"name":"AddAchievement","decl":{"start":{"line":9,"column":9},"end":{"line":9,"column":23}},"loc":{"start":{"line":9,"column":47},"end":{"line":97,"column":1}},"line":9},"1":{"name":"onSaveAchievement","decl":{"start":{"line":14,"column":11},"end":{"line":14,"column":28}},"loc":{"start":{"line":14,"column":31},"end":{"line":17,"column":3}},"line":14},"2":{"name":"(anonymous_2)","decl":{"start":{"line":20,"column":33},"end":{"line":20,"column":34}},"loc":{"start":{"line":20,"column":56},"end":{"line":22,"column":3}},"line":20},"3":{"name":"(anonymous_3)","decl":{"start":{"line":21,"column":51},"end":{"line":21,"column":52}},"loc":{"start":{"line":21,"column":56},"end":{"line":21,"column":67}},"line":21},"4":{"name":"(anonymous_4)","decl":{"start":{"line":24,"column":32},"end":{"line":24,"column":33}},"loc":{"start":{"line":24,"column":55},"end":{"line":26,"column":3}},"line":24},"5":{"name":"(anonymous_5)","decl":{"start":{"line":25,"column":51},"end":{"line":25,"column":52}},"loc":{"start":{"line":25,"column":56},"end":{"line":25,"column":67}},"line":25},"6":{"name":"(anonymous_6)","decl":{"start":{"line":38,"column":17},"end":{"line":38,"column":18}},"loc":{"start":{"line":38,"column":23},"end":{"line":38,"column":42}},"line":38},"7":{"name":"(anonymous_7)","decl":{"start":{"line":92,"column":19},"end":{"line":92,"column":20}},"loc":{"start":{"line":92,"column":25},"end":{"line":92,"column":44}},"line":92}},"branchMap":{"0":{"loc":{"start":{"line":21,"column":4},"end":{"line":21,"column":108}},"type":"cond-expr","locations":[{"start":{"line":21,"column":17},"end":{"line":21,"column":70}},{"start":{"line":21,"column":73},"end":{"line":21,"column":108}}],"line":21},"1":{"loc":{"start":{"line":25,"column":4},"end":{"line":25,"column":108}},"type":"cond-expr","locations":[{"start":{"line":25,"column":17},"end":{"line":25,"column":70}},{"start":{"line":25,"column":73},"end":{"line":25,"column":108}}],"line":25},"2":{"loc":{"start":{"line":91,"column":20},"end":{"line":91,"column":57}},"type":"cond-expr","locations":[{"start":{"line":91,"column":45},"end":{"line":91,"column":49}},{"start":{"line":91,"column":52},"end":{"line":91,"column":57}}],"line":91}},"s":{"0":0,"1":0,"2":0,"3":0,"4":0,"5":0,"6":0,"7":0,"8":0,"9":0,"10":0,"11":0,"12":0,"13":0,"14":0,"15":0,"16":1},"f":{"0":0,"1":0,"2":0,"3":0,"4":0,"5":0,"6":0,"7":0},"b":{"0":[0,0],"1":[0,0],"2":[0,0]},"_coverageSchema":"1a1c01bbd47fc00a2c39e90264f33305004495a9","hash":"f663f4cf05067bfd374fbdb77e85b5b216f00171"}
,"/Users/indisaurusrex/Projects/JS-based/React-based/Access/src/screens/GraphAchievements.js": {"path":"/Users/indisaurusrex/Projects/JS-based/React-based/Access/src/screens/GraphAchievements.js","statementMap":{"0":{"start":{"line":13,"column":23},"end":{"line":13,"column":63}},"1":{"start":{"line":13,"column":44},"end":{"line":13,"column":62}},"2":{"start":{"line":15,"column":28},"end":{"line":15,"column":40}},"3":{"start":{"line":16,"column":21},"end":{"line":16,"column":55}},"4":{"start":{"line":19,"column":27},"end":{"line":19,"column":89}},"5":{"start":{"line":19,"column":41},"end":{"line":19,"column":89}},"6":{"start":{"line":19,"column":63},"end":{"line":19,"column":84}},"7":{"start":{"line":21,"column":22},"end":{"line":39,"column":3}},"8":{"start":{"line":22,"column":20},"end":{"line":22,"column":22}},"9":{"start":{"line":23,"column":24},"end":{"line":23,"column":26}},"10":{"start":{"line":25,"column":4},"end":{"line":32,"column":5}},"11":{"start":{"line":27,"column":31},"end":{"line":27,"column":68}},"12":{"start":{"line":28,"column":6},"end":{"line":28,"column":35}},"13":{"start":{"line":29,"column":6},"end":{"line":31,"column":7}},"14":{"start":{"line":30,"column":8},"end":{"line":30,"column":41}},"15":{"start":{"line":33,"column":4},"end":{"line":33,"column":24}},"16":{"start":{"line":35,"column":4},"end":{"line":37,"column":5}},"17":{"start":{"line":36,"column":6},"end":{"line":36,"column":63}},"18":{"start":{"line":38,"column":4},"end":{"line":38,"column":25}},"19":{"start":{"line":41,"column":2},"end":{"line":43,"column":9}},"20":{"start":{"line":42,"column":4},"end":{"line":42,"column":17}},"21":{"start":{"line":45,"column":15},"end":{"line":50,"column":3}},"22":{"start":{"line":52,"column":22},"end":{"line":58,"column":3}},"23":{"start":{"line":57,"column":28},"end":{"line":57,"column":61}},"24":{"start":{"line":60,"column":2},"end":{"line":79,"column":3}},"25":{"start":{"line":67,"column":23},"end":{"line":67,"column":42}},"26":{"start":{"line":82,"column":15},"end":{"line":113,"column":2}}},"fnMap":{"0":{"name":"GraphAchievements","decl":{"start":{"line":12,"column":9},"end":{"line":12,"column":26}},"loc":{"start":{"line":12,"column":43},"end":{"line":80,"column":1}},"line":12},"1":{"name":"(anonymous_1)","decl":{"start":{"line":13,"column":35},"end":{"line":13,"column":36}},"loc":{"start":{"line":13,"column":44},"end":{"line":13,"column":62}},"line":13},"2":{"name":"(anonymous_2)","decl":{"start":{"line":19,"column":27},"end":{"line":19,"column":28}},"loc":{"start":{"line":19,"column":41},"end":{"line":19,"column":89}},"line":19},"3":{"name":"(anonymous_3)","decl":{"start":{"line":19,"column":52},"end":{"line":19,"column":53}},"loc":{"start":{"line":19,"column":63},"end":{"line":19,"column":84}},"line":19},"4":{"name":"(anonymous_4)","decl":{"start":{"line":21,"column":22},"end":{"line":21,"column":23}},"loc":{"start":{"line":21,"column":28},"end":{"line":39,"column":3}},"line":21},"5":{"name":"(anonymous_5)","decl":{"start":{"line":41,"column":12},"end":{"line":41,"column":13}},"loc":{"start":{"line":41,"column":18},"end":{"line":43,"column":3}},"line":41},"6":{"name":"(anonymous_6)","decl":{"start":{"line":57,"column":11},"end":{"line":57,"column":12}},"loc":{"start":{"line":57,"column":28},"end":{"line":57,"column":61}},"line":57},"7":{"name":"(anonymous_7)","decl":{"start":{"line":67,"column":17},"end":{"line":67,"column":18}},"loc":{"start":{"line":67,"column":23},"end":{"line":67,"column":42}},"line":67}},"branchMap":{"0":{"loc":{"start":{"line":19,"column":63},"end":{"line":19,"column":84}},"type":"cond-expr","locations":[{"start":{"line":19,"column":75},"end":{"line":19,"column":80}},{"start":{"line":19,"column":83},"end":{"line":19,"column":84}}],"line":19},"1":{"loc":{"start":{"line":57,"column":12},"end":{"line":57,"column":23}},"type":"default-arg","locations":[{"start":{"line":57,"column":22},"end":{"line":57,"column":23}}],"line":57}},"s":{"0":0,"1":0,"2":0,"3":0,"4":0,"5":0,"6":0,"7":0,"8":0,"9":0,"10":0,"11":0,"12":0,"13":0,"14":0,"15":0,"16":0,"17":0,"18":0,"19":0,"20":0,"21":0,"22":0,"23":0,"24":0,"25":0,"26":1},"f":{"0":0,"1":0,"2":0,"3":0,"4":0,"5":0,"6":0,"7":0},"b":{"0":[0,0],"1":[0]},"_coverageSchema":"1a1c01bbd47fc00a2c39e90264f33305004495a9","hash":"4d12a274b3faed3f59b6778d26307f134b7bf2ea"}
,"/Users/indisaurusrex/Projects/JS-based/React-based/Access/src/screens/Login.js": {"path":"/Users/indisaurusrex/Projects/JS-based/React-based/Access/src/screens/Login.js","statementMap":{"0":{"start":{"line":14,"column":24},"end":{"line":24,"column":2}},"1":{"start":{"line":15,"column":2},"end":{"line":23,"column":4}},"2":{"start":{"line":16,"column":3},"end":{"line":22,"column":4}},"3":{"start":{"line":17,"column":16},"end":{"line":17,"column":44}},"4":{"start":{"line":28,"column":8},"end":{"line":55,"column":9}},"5":{"start":{"line":36,"column":47},"end":{"line":36,"column":76}},"6":{"start":{"line":43,"column":50},"end":{"line":43,"column":85}},"7":{"start":{"line":47,"column":75},"end":{"line":47,"column":93}},"8":{"start":{"line":50,"column":75},"end":{"line":50,"column":115}},"9":{"start":{"line":59,"column":15},"end":{"line":106,"column":2}},"10":{"start":{"line":108,"column":27},"end":{"line":110,"column":1}},"11":{"start":{"line":109,"column":4},"end":{"line":109,"column":88}},"12":{"start":{"line":112,"column":24},"end":{"line":116,"column":1}},"13":{"start":{"line":113,"column":4},"end":{"line":115,"column":5}}},"fnMap":{"0":{"name":"(anonymous_0)","decl":{"start":{"line":14,"column":24},"end":{"line":14,"column":25}},"loc":{"start":{"line":14,"column":30},"end":{"line":24,"column":2}},"line":14},"1":{"name":"(anonymous_1)","decl":{"start":{"line":15,"column":37},"end":{"line":15,"column":38}},"loc":{"start":{"line":15,"column":45},"end":{"line":23,"column":3}},"line":15},"2":{"name":"(anonymous_2)","decl":{"start":{"line":27,"column":4},"end":{"line":27,"column":5}},"loc":{"start":{"line":27,"column":13},"end":{"line":56,"column":5}},"line":27},"3":{"name":"(anonymous_3)","decl":{"start":{"line":36,"column":38},"end":{"line":36,"column":39}},"loc":{"start":{"line":36,"column":47},"end":{"line":36,"column":76}},"line":36},"4":{"name":"(anonymous_4)","decl":{"start":{"line":43,"column":38},"end":{"line":43,"column":39}},"loc":{"start":{"line":43,"column":50},"end":{"line":43,"column":85}},"line":43},"5":{"name":"(anonymous_5)","decl":{"start":{"line":47,"column":69},"end":{"line":47,"column":70}},"loc":{"start":{"line":47,"column":75},"end":{"line":47,"column":93}},"line":47},"6":{"name":"(anonymous_6)","decl":{"start":{"line":50,"column":69},"end":{"line":50,"column":70}},"loc":{"start":{"line":50,"column":75},"end":{"line":50,"column":115}},"line":50},"7":{"name":"(anonymous_7)","decl":{"start":{"line":108,"column":27},"end":{"line":108,"column":28}},"loc":{"start":{"line":108,"column":39},"end":{"line":110,"column":1}},"line":108},"8":{"name":"(anonymous_8)","decl":{"start":{"line":112,"column":24},"end":{"line":112,"column":25}},"loc":{"start":{"line":112,"column":33},"end":{"line":116,"column":1}},"line":112}},"branchMap":{"0":{"loc":{"start":{"line":16,"column":3},"end":{"line":22,"column":4}},"type":"if","locations":[{"start":{"line":16,"column":3},"end":{"line":22,"column":4}},{"start":{"line":16,"column":3},"end":{"line":22,"column":4}}],"line":16}},"s":{"0":2,"1":2,"2":1,"3":0,"4":2,"5":0,"6":0,"7":0,"8":0,"9":1,"10":1,"11":2,"12":1,"13":2},"f":{"0":2,"1":1,"2":2,"3":0,"4":0,"5":0,"6":0,"7":2,"8":2},"b":{"0":[0,1]},"_coverageSchema":"1a1c01bbd47fc00a2c39e90264f33305004495a9","hash":"04775eebf05e63ae3be6a0e31d6bcae1b2049a4c"}
,"/Users/indisaurusrex/Projects/JS-based/React-based/Access/src/screens/Profile.js": {"path":"/Users/indisaurusrex/Projects/JS-based/React-based/Access/src/screens/Profile.js","statementMap":{"0":{"start":{"line":11,"column":16},"end":{"line":13,"column":5}},"1":{"start":{"line":12,"column":8},"end":{"line":12,"column":58}},"2":{"start":{"line":15,"column":20},"end":{"line":18,"column":5}},"3":{"start":{"line":16,"column":8},"end":{"line":16,"column":33}},"4":{"start":{"line":17,"column":8},"end":{"line":17,"column":47}},"5":{"start":{"line":21,"column":8},"end":{"line":35,"column":9}},"6":{"start":{"line":39,"column":15},"end":{"line":62,"column":2}},"7":{"start":{"line":64,"column":24},"end":{"line":68,"column":1}},"8":{"start":{"line":65,"column":4},"end":{"line":67,"column":5}}},"fnMap":{"0":{"name":"(anonymous_0)","decl":{"start":{"line":11,"column":16},"end":{"line":11,"column":17}},"loc":{"start":{"line":11,"column":22},"end":{"line":13,"column":5}},"line":11},"1":{"name":"(anonymous_1)","decl":{"start":{"line":15,"column":20},"end":{"line":15,"column":21}},"loc":{"start":{"line":15,"column":26},"end":{"line":18,"column":5}},"line":15},"2":{"name":"(anonymous_2)","decl":{"start":{"line":20,"column":4},"end":{"line":20,"column":5}},"loc":{"start":{"line":20,"column":13},"end":{"line":36,"column":5}},"line":20},"3":{"name":"(anonymous_3)","decl":{"start":{"line":64,"column":24},"end":{"line":64,"column":25}},"loc":{"start":{"line":64,"column":33},"end":{"line":68,"column":1}},"line":64}},"branchMap":{},"s":{"0":0,"1":0,"2":0,"3":0,"4":0,"5":0,"6":1,"7":1,"8":0},"f":{"0":0,"1":0,"2":0,"3":0},"b":{},"_coverageSchema":"1a1c01bbd47fc00a2c39e90264f33305004495a9","hash":"c01feaa7634f5d64a16652c6887e41870fc55ee5"}
,"/Users/indisaurusrex/Projects/JS-based/React-based/Access/src/screens/Signup.js": {"path":"/Users/indisaurusrex/Projects/JS-based/React-based/Access/src/screens/Signup.js","statementMap":{"0":{"start":{"line":14,"column":17},"end":{"line":18,"column":3}},"1":{"start":{"line":15,"column":6},"end":{"line":15,"column":25}},"2":{"start":{"line":23,"column":4},"end":{"line":50,"column":5}},"3":{"start":{"line":31,"column":35},"end":{"line":31,"column":64}},"4":{"start":{"line":38,"column":38},"end":{"line":38,"column":73}},"5":{"start":{"line":45,"column":65},"end":{"line":45,"column":104}},"6":{"start":{"line":54,"column":15},"end":{"line":94,"column":2}},"7":{"start":{"line":96,"column":27},"end":{"line":98,"column":1}},"8":{"start":{"line":97,"column":1},"end":{"line":97,"column":77}},"9":{"start":{"line":100,"column":24},"end":{"line":104,"column":1}},"10":{"start":{"line":101,"column":1},"end":{"line":103,"column":2}}},"fnMap":{"0":{"name":"(anonymous_0)","decl":{"start":{"line":14,"column":17},"end":{"line":14,"column":18}},"loc":{"start":{"line":14,"column":23},"end":{"line":18,"column":3}},"line":14},"1":{"name":"(anonymous_1)","decl":{"start":{"line":22,"column":2},"end":{"line":22,"column":3}},"loc":{"start":{"line":22,"column":11},"end":{"line":51,"column":3}},"line":22},"2":{"name":"(anonymous_2)","decl":{"start":{"line":31,"column":26},"end":{"line":31,"column":27}},"loc":{"start":{"line":31,"column":35},"end":{"line":31,"column":64}},"line":31},"3":{"name":"(anonymous_3)","decl":{"start":{"line":38,"column":26},"end":{"line":38,"column":27}},"loc":{"start":{"line":38,"column":38},"end":{"line":38,"column":73}},"line":38},"4":{"name":"(anonymous_4)","decl":{"start":{"line":45,"column":59},"end":{"line":45,"column":60}},"loc":{"start":{"line":45,"column":65},"end":{"line":45,"column":104}},"line":45},"5":{"name":"(anonymous_5)","decl":{"start":{"line":96,"column":27},"end":{"line":96,"column":28}},"loc":{"start":{"line":96,"column":39},"end":{"line":98,"column":1}},"line":96},"6":{"name":"(anonymous_6)","decl":{"start":{"line":100,"column":24},"end":{"line":100,"column":25}},"loc":{"start":{"line":100,"column":33},"end":{"line":104,"column":1}},"line":100}},"branchMap":{},"s":{"0":0,"1":0,"2":0,"3":0,"4":0,"5":0,"6":1,"7":1,"8":0,"9":1,"10":0},"f":{"0":0,"1":0,"2":0,"3":0,"4":0,"5":0,"6":0},"b":{},"_coverageSchema":"1a1c01bbd47fc00a2c39e90264f33305004495a9","hash":"47e07630be74f644d56ca3e0ea4f78a814b03a3f"}
,"/Users/indisaurusrex/Projects/JS-based/React-based/Access/src/screens/ViewAchievements.js": {"path":"/Users/indisaurusrex/Projects/JS-based/React-based/Access/src/screens/ViewAchievements.js","statementMap":{"0":{"start":{"line":14,"column":23},"end":{"line":14,"column":63}},"1":{"start":{"line":14,"column":44},"end":{"line":14,"column":62}},"2":{"start":{"line":15,"column":15},"end":{"line":15,"column":47}},"3":{"start":{"line":15,"column":36},"end":{"line":15,"column":46}},"4":{"start":{"line":17,"column":19},"end":{"line":17,"column":32}},"5":{"start":{"line":18,"column":25},"end":{"line":18,"column":77}},"6":{"start":{"line":18,"column":40},"end":{"line":18,"column":77}},"7":{"start":{"line":19,"column":28},"end":{"line":19,"column":65}},"8":{"start":{"line":19,"column":34},"end":{"line":19,"column":65}},"9":{"start":{"line":20,"column":17},"end":{"line":20,"column":41}},"10":{"start":{"line":20,"column":23},"end":{"line":20,"column":41}},"11":{"start":{"line":22,"column":24},"end":{"line":25,"column":3}},"12":{"start":{"line":23,"column":4},"end":{"line":23,"column":29}},"13":{"start":{"line":24,"column":4},"end":{"line":24,"column":12}},"14":{"start":{"line":27,"column":2},"end":{"line":27,"column":27}},"15":{"start":{"line":28,"column":2},"end":{"line":80,"column":3}},"16":{"start":{"line":47,"column":14},"end":{"line":53,"column":16}},"17":{"start":{"line":52,"column":31},"end":{"line":52,"column":57}},"18":{"start":{"line":55,"column":34},"end":{"line":55,"column":52}},"19":{"start":{"line":64,"column":12},"end":{"line":64,"column":52}},"20":{"start":{"line":73,"column":12},"end":{"line":75,"column":12}},"21":{"start":{"line":83,"column":15},"end":{"line":120,"column":2}}},"fnMap":{"0":{"name":"ViewAchievements","decl":{"start":{"line":13,"column":9},"end":{"line":13,"column":25}},"loc":{"start":{"line":13,"column":42},"end":{"line":81,"column":1}},"line":13},"1":{"name":"(anonymous_1)","decl":{"start":{"line":14,"column":35},"end":{"line":14,"column":36}},"loc":{"start":{"line":14,"column":44},"end":{"line":14,"column":62}},"line":14},"2":{"name":"(anonymous_2)","decl":{"start":{"line":15,"column":27},"end":{"line":15,"column":28}},"loc":{"start":{"line":15,"column":36},"end":{"line":15,"column":46}},"line":15},"3":{"name":"(anonymous_3)","decl":{"start":{"line":18,"column":25},"end":{"line":18,"column":26}},"loc":{"start":{"line":18,"column":40},"end":{"line":18,"column":77}},"line":18},"4":{"name":"(anonymous_4)","decl":{"start":{"line":19,"column":28},"end":{"line":19,"column":29}},"loc":{"start":{"line":19,"column":34},"end":{"line":19,"column":65}},"line":19},"5":{"name":"(anonymous_5)","decl":{"start":{"line":20,"column":17},"end":{"line":20,"column":18}},"loc":{"start":{"line":20,"column":23},"end":{"line":20,"column":41}},"line":20},"6":{"name":"(anonymous_6)","decl":{"start":{"line":22,"column":24},"end":{"line":22,"column":25}},"loc":{"start":{"line":22,"column":30},"end":{"line":25,"column":3}},"line":22},"7":{"name":"(anonymous_7)","decl":{"start":{"line":46,"column":24},"end":{"line":46,"column":25}},"loc":{"start":{"line":47,"column":14},"end":{"line":53,"column":16}},"line":47},"8":{"name":"(anonymous_8)","decl":{"start":{"line":52,"column":25},"end":{"line":52,"column":26}},"loc":{"start":{"line":52,"column":31},"end":{"line":52,"column":57}},"line":52},"9":{"name":"(anonymous_9)","decl":{"start":{"line":55,"column":26},"end":{"line":55,"column":27}},"loc":{"start":{"line":55,"column":34},"end":{"line":55,"column":52}},"line":55},"10":{"name":"(anonymous_10)","decl":{"start":{"line":63,"column":19},"end":{"line":63,"column":20}},"loc":{"start":{"line":64,"column":12},"end":{"line":64,"column":52}},"line":64},"11":{"name":"(anonymous_11)","decl":{"start":{"line":72,"column":19},"end":{"line":72,"column":20}},"loc":{"start":{"line":73,"column":12},"end":{"line":75,"column":12}},"line":73}},"branchMap":{"0":{"loc":{"start":{"line":39,"column":9},"end":{"line":57,"column":9}},"type":"cond-expr","locations":[{"start":{"line":40,"column":10},"end":{"line":42,"column":17}},{"start":{"line":44,"column":10},"end":{"line":56,"column":12}}],"line":39}},"s":{"0":0,"1":0,"2":0,"3":0,"4":0,"5":0,"6":0,"7":0,"8":0,"9":0,"10":0,"11":0,"12":0,"13":0,"14":0,"15":0,"16":0,"17":0,"18":0,"19":0,"20":0,"21":1},"f":{"0":0,"1":0,"2":0,"3":0,"4":0,"5":0,"6":0,"7":0,"8":0,"9":0,"10":0,"11":0},"b":{"0":[0,0]},"_coverageSchema":"1a1c01bbd47fc00a2c39e90264f33305004495a9","hash":"94aef70e67b64eddbab08453bcc032dbb1807260"}
}
