TN:
SF:App.js
FN:18,App
FNF:1
FNH:1
FNDA:2,App
DA:19,2
LF:1
LH:1
BRF:0
BRH:0
end_of_record
TN:
SF:testing.js
FNF:0
FNH:0
DA:1,0
DA:2,0
DA:4,0
DA:5,0
LF:4
LH:0
BRF:0
BRH:0
end_of_record
TN:
SF:config/Firebase.js
FNF:0
FNH:0
DA:4,1
DA:14,1
DA:16,1
LF:3
LH:3
BRF:0
BRH:0
end_of_record
TN:
SF:src/components/Header.js
FN:5,Header
FNF:1
FNH:1
FNDA:2,Header
DA:6,2
DA:15,1
LF:2
LH:2
BRF:0
BRH:0
end_of_record
TN:
SF:src/components/checkbox.js
FN:5,Checkbox
FN:8,(anonymous_1)
FNF:2
FNH:0
FNDA:0,Checkbox
FNDA:0,(anonymous_1)
DA:6,0
DA:8,0
DA:9,0
DA:10,0
DA:13,0
DA:25,1
LF:6
LH:1
BRF:0
BRH:0
end_of_record
TN:
SF:src/navigation/MainStackNavigation.js
FN:15,MainStackNavigator
FN:16,(anonymous_1)
FNF:2
FNH:2
FNDA:2,MainStackNavigator
FNDA:4,(anonymous_1)
DA:13,1
DA:16,4
DA:17,2
LF:3
LH:3
BRDA:25,0,0,2
BRDA:25,0,1,0
BRF:2
BRH:1
end_of_record
TN:
SF:src/navigation/index.js
FNF:0
FNH:0
DA:10,1
DA:34,1
DA:55,1
LF:3
LH:3
BRF:0
BRH:0
end_of_record
TN:
SF:src/redux/root-reducer.js
FNF:0
FNH:0
LF:0
LH:0
BRF:0
BRH:0
end_of_record
TN:
SF:src/redux/store.js
FNF:0
FNH:0
DA:7,1
DA:9,1
LF:2
LH:2
BRF:0
BRH:0
end_of_record
TN:
SF:src/redux/achievements/achievements.actions.js
FN:7,addachievement
FN:15,deleteachievement
FNF:2
FNH:0
FNDA:0,addachievement
FNDA:0,deleteachievement
DA:5,1
DA:8,0
DA:16,0
LF:3
LH:1
BRF:0
BRH:0
end_of_record
TN:
SF:src/redux/achievements/achievements.reducer.js
FN:6,achievementsReducer
FN:18,(anonymous_1)
FNF:2
FNH:1
FNDA:3,achievementsReducer
FNDA:0,(anonymous_1)
DA:4,1
DA:7,3
DA:9,0
DA:18,0
DA:19,0
DA:21,0
DA:24,3
LF:7
LH:3
BRDA:6,0,0,3
BRDA:7,1,0,0
BRDA:7,1,1,0
BRDA:7,1,2,3
BRF:4
BRH:2
end_of_record
TN:
SF:src/redux/achievements/achievements.types.js
FNF:0
FNH:0
DA:1,1
LF:1
LH:1
BRF:0
BRH:0
end_of_record
TN:
SF:src/redux/user/user.actions.js
FN:5,(anonymous_0)
FN:12,(anonymous_1)
FN:19,(anonymous_2)
FN:25,(anonymous_3)
FN:26,(anonymous_4)
FN:38,(anonymous_5)
FN:39,(anonymous_6)
FN:53,(anonymous_7)
FN:54,(anonymous_8)
FNF:9
FNH:0
FNDA:0,(anonymous_0)
FNDA:0,(anonymous_1)
FNDA:0,(anonymous_2)
FNDA:0,(anonymous_3)
FNDA:0,(anonymous_4)
FNDA:0,(anonymous_5)
FNDA:0,(anonymous_6)
FNDA:0,(anonymous_7)
FNDA:0,(anonymous_8)
DA:5,1
DA:6,0
DA:12,1
DA:13,0
DA:19,1
DA:20,0
DA:25,1
DA:26,0
DA:27,0
DA:28,0
DA:29,0
DA:31,0
DA:33,0
DA:38,1
DA:39,0
DA:40,0
DA:41,0
DA:46,0
DA:48,0
DA:53,1
DA:54,0
DA:55,0
DA:56,0
DA:57,0
DA:58,0
DA:59,0
DA:64,0
DA:68,0
DA:71,0
LF:29
LH:6
BRDA:58,0,0,0
BRDA:58,0,1,0
BRF:2
BRH:0
end_of_record
TN:
SF:src/redux/user/user.reducer.js
FN:3,(anonymous_0)
FNF:1
FNH:1
FNDA:3,(anonymous_0)
DA:3,1
DA:4,3
DA:6,0
DA:8,0
DA:10,0
DA:12,0
DA:14,0
DA:16,3
LF:8
LH:3
BRDA:3,0,0,3
BRDA:4,1,0,0
BRDA:4,1,1,0
BRDA:4,1,2,0
BRDA:4,1,3,0
BRDA:4,1,4,0
BRDA:4,1,5,3
BRF:7
BRH:2
end_of_record
TN:
SF:src/redux/user/user.types.js
FNF:0
FNH:0
DA:1,1
LF:1
LH:1
BRF:0
BRH:0
end_of_record
TN:
SF:src/screens/AddAchievement.js
FN:9,AddAchievement
FN:14,onSaveAchievement
FN:20,(anonymous_2)
FN:21,(anonymous_3)
FN:24,(anonymous_4)
FN:25,(anonymous_5)
FN:38,(anonymous_6)
FN:92,(anonymous_7)
FNF:8
FNH:0
FNDA:0,AddAchievement
FNDA:0,onSaveAchievement
FNDA:0,(anonymous_2)
FNDA:0,(anonymous_3)
FNDA:0,(anonymous_4)
FNDA:0,(anonymous_5)
FNDA:0,(anonymous_6)
FNDA:0,(anonymous_7)
DA:10,0
DA:11,0
DA:12,0
DA:15,0
DA:16,0
DA:20,0
DA:21,0
DA:24,0
DA:25,0
DA:27,0
DA:28,0
DA:31,0
DA:38,0
DA:92,0
DA:99,1
LF:15
LH:1
BRDA:21,0,0,0
BRDA:21,0,1,0
BRDA:25,1,0,0
BRDA:25,1,1,0
BRDA:91,2,0,0
BRDA:91,2,1,0
BRF:6
BRH:0
end_of_record
TN:
SF:src/screens/GraphAchievements.js
FN:12,GraphAchievements
FN:13,(anonymous_1)
FN:19,(anonymous_2)
FN:19,(anonymous_3)
FN:21,(anonymous_4)
FN:41,(anonymous_5)
FN:57,(anonymous_6)
FN:67,(anonymous_7)
FNF:8
FNH:0
FNDA:0,GraphAchievements
FNDA:0,(anonymous_1)
FNDA:0,(anonymous_2)
FNDA:0,(anonymous_3)
FNDA:0,(anonymous_4)
FNDA:0,(anonymous_5)
FNDA:0,(anonymous_6)
FNDA:0,(anonymous_7)
DA:13,0
DA:15,0
DA:16,0
DA:19,0
DA:21,0
DA:22,0
DA:23,0
DA:25,0
DA:27,0
DA:28,0
DA:29,0
DA:30,0
DA:33,0
DA:35,0
DA:36,0
DA:38,0
DA:41,0
DA:42,0
DA:45,0
DA:52,0
DA:57,0
DA:60,0
DA:67,0
DA:82,1
LF:24
LH:1
BRDA:19,0,0,0
BRDA:19,0,1,0
BRDA:57,1,0,0
BRF:3
BRH:0
end_of_record
TN:
SF:src/screens/Login.js
FN:14,(anonymous_0)
FN:15,(anonymous_1)
FN:27,(anonymous_2)
FN:36,(anonymous_3)
FN:43,(anonymous_4)
FN:47,(anonymous_5)
FN:50,(anonymous_6)
FN:108,(anonymous_7)
FN:112,(anonymous_8)
FNF:9
FNH:5
FNDA:2,(anonymous_0)
FNDA:1,(anonymous_1)
FNDA:2,(anonymous_2)
FNDA:0,(anonymous_3)
FNDA:0,(anonymous_4)
FNDA:0,(anonymous_5)
FNDA:0,(anonymous_6)
FNDA:2,(anonymous_7)
FNDA:2,(anonymous_8)
DA:14,2
DA:15,2
DA:16,1
DA:17,0
DA:28,2
DA:36,0
DA:43,0
DA:47,0
DA:50,0
DA:59,1
DA:108,1
DA:109,2
DA:112,1
DA:113,2
LF:14
LH:9
BRDA:16,0,0,0
BRDA:16,0,1,1
BRF:2
BRH:1
end_of_record
TN:
SF:src/screens/Profile.js
FN:11,(anonymous_0)
FN:15,(anonymous_1)
FN:20,(anonymous_2)
FN:64,(anonymous_3)
FNF:4
FNH:0
FNDA:0,(anonymous_0)
FNDA:0,(anonymous_1)
FNDA:0,(anonymous_2)
FNDA:0,(anonymous_3)
DA:11,0
DA:12,0
DA:15,0
DA:16,0
DA:17,0
DA:21,0
DA:39,1
DA:64,1
DA:65,0
LF:9
LH:2
BRF:0
BRH:0
end_of_record
TN:
SF:src/screens/Signup.js
FN:14,(anonymous_0)
FN:22,(anonymous_1)
FN:31,(anonymous_2)
FN:38,(anonymous_3)
FN:45,(anonymous_4)
FN:96,(anonymous_5)
FN:100,(anonymous_6)
FNF:7
FNH:0
FNDA:0,(anonymous_0)
FNDA:0,(anonymous_1)
FNDA:0,(anonymous_2)
FNDA:0,(anonymous_3)
FNDA:0,(anonymous_4)
FNDA:0,(anonymous_5)
FNDA:0,(anonymous_6)
DA:14,0
DA:15,0
DA:23,0
DA:31,0
DA:38,0
DA:45,0
DA:54,1
DA:96,1
DA:97,0
DA:100,1
DA:101,0
LF:11
LH:3
BRF:0
BRH:0
end_of_record
TN:
SF:src/screens/ViewAchievements.js
FN:13,ViewAchievements
FN:14,(anonymous_1)
FN:15,(anonymous_2)
FN:18,(anonymous_3)
FN:19,(anonymous_4)
FN:20,(anonymous_5)
FN:22,(anonymous_6)
FN:46,(anonymous_7)
FN:52,(anonymous_8)
FN:55,(anonymous_9)
FN:63,(anonymous_10)
FN:72,(anonymous_11)
FNF:12
FNH:0
FNDA:0,ViewAchievements
FNDA:0,(anonymous_1)
FNDA:0,(anonymous_2)
FNDA:0,(anonymous_3)
FNDA:0,(anonymous_4)
FNDA:0,(anonymous_5)
FNDA:0,(anonymous_6)
FNDA:0,(anonymous_7)
FNDA:0,(anonymous_8)
FNDA:0,(anonymous_9)
FNDA:0,(anonymous_10)
FNDA:0,(anonymous_11)
DA:14,0
DA:15,0
DA:17,0
DA:18,0
DA:19,0
DA:20,0
DA:22,0
DA:23,0
DA:24,0
DA:27,0
DA:28,0
DA:47,0
DA:52,0
DA:55,0
DA:64,0
DA:73,0
DA:83,1
LF:17
LH:1
BRDA:39,0,0,0
BRDA:39,0,1,0
BRF:2
BRH:0
end_of_record
